<?xml version="1.0" encoding="UTF-8"?>
<!-- Generated by org.testng.reporters.JUnitReportReporter -->
<testsuite skipped="0" hostname="KNOLSKAPE-L102" name="testcases.TC_SuccessfulPayment" tests="3" failures="0" timestamp="14 Sep 2019 06:42:50 GMT" time="9.775" errors="0">
  <testcase name="launchWebsite" time="2.136" classname="testcases.TC_SuccessfulPayment"/>
  <testcase name="buyProductAndVerifyIfShoppingCartDisplayed" time="5.185" classname="testcases.TC_SuccessfulPayment"/>
  <testcase name="enterShoppingCartDetails" time="2.454" classname="testcases.TC_SuccessfulPayment"/>
</testsuite> <!-- testcases.TC_SuccessfulPayment -->
