<?xml version="1.0" encoding="UTF-8"?>
<!-- Generated by org.testng.reporters.JUnitReportReporter -->
<testsuite skipped="0" hostname="KNOLSKAPE-L102" name="testcases.NewTest" tests="1" failures="0" timestamp="12 Sep 2019 08:53:51 GMT" time="2.058" errors="0">
  <testcase name="launchGoogle" time="2.058" classname="testcases.NewTest"/>
</testsuite> <!-- testcases.NewTest -->
