<?xml version="1.0" encoding="UTF-8"?>
<!-- Generated by org.testng.reporters.JUnitReportReporter -->
<testsuite skipped="0" hostname="KNOLSKAPE-L102" name="testcases.TC_SuccessfulPayment" tests="7" failures="0" timestamp="14 Sep 2019 18:49:36 GMT" time="22.664" errors="0">
  <testcase name="launchWebsite" time="1.624" classname="testcases.TC_SuccessfulPayment"/>
  <testcase name="buyProductAndVerifyIfShoppingCartDisplayed" time="5.140" classname="testcases.TC_SuccessfulPayment"/>
  <testcase name="enterShoppingCartDetails" time="2.638" classname="testcases.TC_SuccessfulPayment"/>
  <testcase name="verifyOrderSummaryToContinue" time="2.362" classname="testcases.TC_SuccessfulPayment"/>
  <testcase name="choosePaymentMethod" time="0.734" classname="testcases.TC_SuccessfulPayment"/>
  <testcase name="enterCreditCardDetails" time="4.692" classname="testcases.TC_SuccessfulPayment"/>
  <testcase name="verifyPaymentSuccess" time="5.474" classname="testcases.TC_SuccessfulPayment"/>
</testsuite> <!-- testcases.TC_SuccessfulPayment -->
