<?xml version="1.0" encoding="UTF-8"?>
<!-- Generated by org.testng.reporters.JUnitReportReporter -->
<testsuite skipped="0" hostname="KNOLSKAPE-L102" name="testcases.TC_SuccessfulPayment" tests="7" failures="0" timestamp="15 Sep 2019 05:48:16 GMT" time="22.365" errors="0">
  <testcase name="launchWebsite" time="1.226" classname="testcases.TC_SuccessfulPayment"/>
  <testcase name="buyProductAndVerifyIfShoppingCartDisplayed" time="2.898" classname="testcases.TC_SuccessfulPayment"/>
  <testcase name="enterShoppingCartDetails" time="5.288" classname="testcases.TC_SuccessfulPayment"/>
  <testcase name="verifyOrderSummaryToContinue" time="1.704" classname="testcases.TC_SuccessfulPayment"/>
  <testcase name="choosePaymentMethod" time="0.596" classname="testcases.TC_SuccessfulPayment"/>
  <testcase name="enterCreditCardDetails" time="5.153" classname="testcases.TC_SuccessfulPayment"/>
  <testcase name="verifyPaymentSuccess" time="5.500" classname="testcases.TC_SuccessfulPayment"/>
</testsuite> <!-- testcases.TC_SuccessfulPayment -->
