<?xml version="1.0" encoding="UTF-8"?>
<!-- Generated by org.testng.reporters.JUnitReportReporter -->
<testsuite skipped="0" hostname="KNOLSKAPE-L102" name="testcases.TC_SuccessfulPayment" tests="2" failures="0" timestamp="13 Sep 2019 05:37:19 GMT" time="2.877" errors="0">
  <testcase name="launchWebsite" time="1.403" classname="testcases.TC_SuccessfulPayment"/>
  <testcase name="launchWebsite" time="1.474" classname="testcases.TC_SuccessfulPayment"/>
</testsuite> <!-- testcases.TC_SuccessfulPayment -->
