<?xml version="1.0" encoding="UTF-8"?>
<!-- Generated by org.testng.reporters.JUnitReportReporter -->
<testsuite skipped="0" hostname="KNOLSKAPE-L102" name="testcases.TC_FailedPayment" tests="7" failures="0" timestamp="15 Sep 2019 06:35:08 GMT" time="18.319" errors="0">
  <testcase name="launchWebsite" time="2.058" classname="testcases.TC_FailedPayment"/>
  <testcase name="buyProductAndVerifyIfShoppingCartDisplayed" time="2.243" classname="testcases.TC_FailedPayment"/>
  <testcase name="enterShoppingCartDetails" time="5.775" classname="testcases.TC_FailedPayment"/>
  <testcase name="verifyOrderSummaryToContinue" time="1.799" classname="testcases.TC_FailedPayment"/>
  <testcase name="choosePaymentMethod" time="0.796" classname="testcases.TC_FailedPayment"/>
  <testcase name="enterCreditCardDetails" time="4.967" classname="testcases.TC_FailedPayment"/>
  <testcase name="verifyPaymentFailure" time="0.681" classname="testcases.TC_FailedPayment"/>
</testsuite> <!-- testcases.TC_FailedPayment -->
